<?xml version="1.0" encoding="UTF-8"?>
<!-- Generated by org.testng.reporters.JUnitReportReporter -->
<testsuite skipped="0" hostname="Saqueeb-Ali" name="com.enclouden.SalesTest" tests="1" failures="0" timestamp="26 Mar 2021 16:00:47 GMT" time="24.595" errors="0">
  <testcase name="checkSales" time="24.595" classname="com.enclouden.SalesTest"/>
</testsuite> <!-- com.enclouden.SalesTest -->
